<?xml version="1.0" encoding="UTF-8"?>
<!-- Generated by org.testng.reporters.JUnitReportReporter -->
<testsuite hostname="ACW-Lap-031" failures="0" tests="2" name="FirstMaven.MavenProject.Appium" time="0.049" errors="0" timestamp="2024-04-13T22:10:11 IST" skipped="0">
  <testcase classname="FirstMaven.MavenProject.Appium" name="Logout" time="0.045"/>
  <testcase classname="FirstMaven.MavenProject.Appium" name="login" time="0.004"/>
</testsuite> <!-- FirstMaven.MavenProject.Appium -->
