<?xml version="1.0" encoding="UTF-8"?>
<!-- Generated by org.testng.reporters.JUnitReportReporter -->
<testsuite hostname="ACW-Lap-031" failures="0" tests="2" name="FirstMaven.MavenProject.RestApi" time="0.019" errors="0" timestamp="2024-04-13T22:21:45 IST" skipped="0">
  <testcase classname="FirstMaven.MavenProject.RestApi" name="Logout" time="0.016"/>
  <testcase classname="FirstMaven.MavenProject.RestApi" name="login" time="0.003"/>
</testsuite> <!-- FirstMaven.MavenProject.RestApi -->
