<?xml version="1.0" encoding="UTF-8"?>
<!-- Generated by org.testng.reporters.JUnitReportReporter -->
<testsuite hostname="ACW-Lap-031" failures="0" tests="2" name="FirstMaven.MavenProject.AppiumTest" time="0.011" errors="0" timestamp="2024-04-15T17:47:32 IST" skipped="0">
  <testcase classname="FirstMaven.MavenProject.AppiumTest" name="login" time="0.007"/>
  <testcase classname="FirstMaven.MavenProject.AppiumTest" name="Logout" time="0.004"/>
</testsuite> <!-- FirstMaven.MavenProject.AppiumTest -->
