<?xml version="1.0" encoding="UTF-8"?>
<!-- Generated by org.testng.reporters.JUnitReportReporter -->
<testsuite hostname="ACW-Lap-031" failures="0" tests="2" name="FirstMaven.MavenProject.SeleniumTest" time="0.007" errors="0" timestamp="2024-04-15T17:49:20 IST" skipped="0">
  <testcase classname="FirstMaven.MavenProject.SeleniumTest" name="login" time="0.002"/>
  <testcase classname="FirstMaven.MavenProject.SeleniumTest" name="Logout" time="0.005"/>
</testsuite> <!-- FirstMaven.MavenProject.SeleniumTest -->
