<?xml version="1.0" encoding="UTF-8"?>
<!-- Generated by org.testng.reporters.JUnitReportReporter -->
<testsuite hostname="ACW-Lap-031" failures="0" tests="2" name="FirstMaven.MavenProject.RestApiTest" time="0.022" errors="0" timestamp="2024-04-15T17:49:20 IST" skipped="0">
  <testcase classname="FirstMaven.MavenProject.RestApiTest" name="login" time="0.005"/>
  <testcase classname="FirstMaven.MavenProject.RestApiTest" name="Logout" time="0.017"/>
</testsuite> <!-- FirstMaven.MavenProject.RestApiTest -->
