<?xml version="1.0" encoding="UTF-8"?>
<!-- Generated by org.testng.reporters.JUnitReportReporter -->
<testsuite hostname="ACW-Lap-031" failures="0" tests="2" name="testng.com.Day1" time="0.036" errors="0" timestamp="2024-05-08T11:42:46 IST" skipped="0">
  <testcase classname="testng.com.Day1" name="print" time="0.024"/>
  <testcase classname="testng.com.Day1" name="print1" time="0.012"/>
</testsuite> <!-- testng.com.Day1 -->
