<?xml version="1.0" encoding="UTF-8"?>
<!-- Generated by org.testng.reporters.JUnitReportReporter -->
<testsuite hostname="ACW-Lap-031" failures="0" tests="1" name="testng.com.Inheritance_2" time="0.028" errors="0" timestamp="2024-05-13T11:40:44 IST" skipped="0">
  <testcase classname="testng.com.Inheritance_2" name="childmethod" time="0.028"/>
</testsuite> <!-- testng.com.Inheritance_2 -->
