<?xml version="1.0" encoding="UTF-8"?>
<!-- Generated by org.testng.reporters.JUnitReportReporter -->
<testsuite hostname="ACW-Lap-031" failures="0" tests="3" name="annotations.Annotations1" time="0.027" errors="0" timestamp="2024-02-14T23:41:23 IST" skipped="0">
  <testcase classname="annotations.Annotations1" name="thirdtest" time="0.007"/>
  <testcase classname="annotations.Annotations1" name="secondtest" time="0.009"/>
  <testcase classname="annotations.Annotations1" name="firsttest" time="0.011"/>
</testsuite> <!-- annotations.Annotations1 -->
