<?xml version="1.0" encoding="UTF-8"?>
<!-- Generated by org.testng.reporters.JUnitReportReporter -->
<testsuite hostname="ACW-Lap-031" failures="0" tests="1" name="annotations.Annotation2" time="0.005" errors="0" timestamp="2024-02-14T23:41:23 IST" skipped="0">
  <testcase classname="annotations.Annotation2" name="firsttest2" time="0.005"/>
</testsuite> <!-- annotations.Annotation2 -->
