<?xml version="1.0" encoding="UTF-8"?>
<!-- Generated by org.testng.reporters.JUnitReportReporter -->
<testsuite hostname="ACW-Lap-031" failures="0" tests="1" name="annotations.Annotations3" time="0.003" errors="0" timestamp="2024-02-14T23:41:23 IST" skipped="0">
  <testcase classname="annotations.Annotations3" name="firsttest3" time="0.003"/>
</testsuite> <!-- annotations.Annotations3 -->
