<?xml version="1.0" encoding="UTF-8"?>
<!-- Generated by org.testng.reporters.JUnitReportReporter -->
<testsuite hostname="ACW-Lap-031" failures="0" tests="1" name="Final.Tickets" time="0.005" errors="0" timestamp="2024-05-08T13:37:27 IST" skipped="0">
  <testcase classname="Final.Tickets" name="editticket" time="0.005"/>
</testsuite> <!-- Final.Tickets -->
