<?xml version="1.0" encoding="UTF-8"?>
<!-- Generated by org.testng.reporters.JUnitReportReporter -->
<testsuite hostname="ACW-Lap-031" failures="0" tests="1" name="Final.Practice" time="0.010" errors="0" timestamp="2024-02-17T00:37:40 IST" skipped="0">
  <testcase classname="Final.Practice" name="sendreview" time="0.010"/>
</testsuite> <!-- Final.Practice -->
