<?xml version="1.0" encoding="UTF-8"?>
<!-- Generated by org.testng.reporters.JUnitReportReporter -->
<testsuite hostname="ACW-Lap-031" failures="0" tests="1" name="Final.Hotels" time="0.015" errors="0" timestamp="2024-05-08T13:37:27 IST" skipped="0">
  <testcase classname="Final.Hotels" name="editHotels" time="0.015"/>
</testsuite> <!-- Final.Hotels -->
