<?xml version="1.0" encoding="UTF-8"?>
<!-- Generated by org.testng.reporters.JUnitReportReporter -->
<testsuite hostname="ACW-Lap-031" failures="0" tests="1" name="Final.Review" time="0.003" errors="0" timestamp="2024-05-08T13:37:08 IST" skipped="0">
  <testcase classname="Final.Review" name="deleteReview" time="0.003"/>
</testsuite> <!-- Final.Review -->
