<?xml version="1.0" encoding="UTF-8"?>
<!-- Generated by org.testng.reporters.JUnitReportReporter -->
<testsuite hostname="ACW-Lap-031" failures="0" tests="3" name="Final.Parameterization" time="0.011" errors="0" timestamp="2024-02-20T23:55:46 IST" skipped="0">
  <testcase classname="Final.Parameterization" name="multipletc" time="0.003"/>
  <testcase classname="Final.Parameterization" name="multipletc" time="0.005"/>
  <testcase classname="Final.Parameterization" name="multipletc" time="0.003"/>
</testsuite> <!-- Final.Parameterization -->
