<?xml version="1.0" encoding="UTF-8"?>
<!-- Generated by org.testng.reporters.JUnitReportReporter -->
<testsuite hostname="ACW-Lap-031" failures="0" tests="2" name="FirstMaven.MavenProject.AppiumTest" time="0.012" errors="0" timestamp="2024-04-15T17:48:56 IST" skipped="0">
  <testcase classname="FirstMaven.MavenProject.AppiumTest" name="Logout" time="0.011"/>
  <testcase classname="FirstMaven.MavenProject.AppiumTest" name="login" time="0.001"/>
</testsuite> <!-- FirstMaven.MavenProject.AppiumTest -->
